<?xml version="1.0" encoding="UTF-8"?>
<testng-results ignored="0" total="4" passed="3" failed="1" skipped="0">
  <reporter-output>
  </reporter-output>
  <suite started-at="2024-04-10T11:26:47 IST" name="Suite" finished-at="2024-04-10T11:27:03 IST" duration-ms="16396">
    <groups>
    </groups>
    <test started-at="2024-04-10T11:26:47 IST" name="Test01" finished-at="2024-04-10T11:26:47 IST" duration-ms="112">
      <class name="learnTestNG.ReadTheDataFromXmlFile">
        <test-method signature="loginToVtiger(java.lang.String,java.lang.String)[pri:0, instance:learnTestNG.ReadTheDataFromXmlFile@2d7275fc]" started-at="2024-04-10T11:26:47 IST" name="loginToVtiger" finished-at="2024-04-10T11:26:47 IST" duration-ms="0" status="FAIL">
          <exception class="org.testng.TestNGException">
            <message>
              <![CDATA[
Parameter 'browser' is required by @Test on method loginToVtiger but has not been marked @Optional or defined
in C:\Users\a\eclipse-workspace1\TrelloFrameWork\vtigerTestsuite.xml]]>
            </message>
            <full-stacktrace>
              <![CDATA[org.testng.TestNGException: 
Parameter 'browser' is required by @Test on method loginToVtiger but has not been marked @Optional or defined
in C:\Users\a\eclipse-workspace1\TrelloFrameWork\vtigerTestsuite.xml
at org.testng.internal.Parameters.createParams(Parameters.java:270)
at org.testng.internal.Parameters.createParametersForMethod(Parameters.java:358)
at org.testng.internal.Parameters.createParameters(Parameters.java:700)
at org.testng.internal.Parameters.handleParameters(Parameters.java:884)
at org.testng.internal.Parameters.handleParameters(Parameters.java:740)
at org.testng.internal.ParameterHandler.handleParameters(ParameterHandler.java:59)
at org.testng.internal.ParameterHandler.createParameters(ParameterHandler.java:38)
at org.testng.internal.TestInvoker$MethodInvocationAgent.invoke(TestInvoker.java:791)
at org.testng.internal.TestInvoker.invokeTestMethods(TestInvoker.java:146)
at org.testng.internal.TestMethodWorker.invokeTestMethods(TestMethodWorker.java:146)
at org.testng.internal.TestMethodWorker.run(TestMethodWorker.java:128)
at java.base/java.util.ArrayList.forEach(ArrayList.java:1511)
at org.testng.TestRunner.privateRun(TestRunner.java:794)
at org.testng.TestRunner.run(TestRunner.java:596)
at org.testng.SuiteRunner.runTest(SuiteRunner.java:377)
at org.testng.SuiteRunner.access$000(SuiteRunner.java:28)
at org.testng.SuiteRunner$SuiteWorker.run(SuiteRunner.java:418)
at org.testng.internal.thread.ThreadUtil.lambda$execute$0(ThreadUtil.java:64)
at java.base/java.util.concurrent.FutureTask.run(FutureTask.java:264)
at java.base/java.util.concurrent.ThreadPoolExecutor.runWorker(ThreadPoolExecutor.java:1136)
at java.base/java.util.concurrent.ThreadPoolExecutor$Worker.run(ThreadPoolExecutor.java:635)
at java.base/java.lang.Thread.run(Thread.java:842)
]]>
            </full-stacktrace>
          </exception> <!-- org.testng.TestNGException -->
          <reporter-output>
          </reporter-output>
        </test-method> <!-- loginToVtiger -->
        <test-method signature="test()[pri:0, instance:learnTestNG.ReadTheDataFromXmlFile@2d7275fc]" started-at="2024-04-10T11:26:47 IST" name="test" finished-at="2024-04-10T11:26:47 IST" duration-ms="11" status="PASS">
          <reporter-output>
          </reporter-output>
        </test-method> <!-- test -->
      </class> <!-- learnTestNG.ReadTheDataFromXmlFile -->
    </test> <!-- Test01 -->
    <test started-at="2024-04-10T11:26:47 IST" name="Test" finished-at="2024-04-10T11:27:03 IST" duration-ms="16396">
      <class name="learnTestNG.ReadTheDataFromXmlFile">
        <test-method signature="loginToVtiger(java.lang.String,java.lang.String)[pri:0, instance:learnTestNG.ReadTheDataFromXmlFile@2ef3eef9]" started-at="2024-04-10T11:26:47 IST" name="loginToVtiger" finished-at="2024-04-10T11:27:03 IST" duration-ms="16302" status="PASS">
          <params>
            <param index="0">
              <value>
                <![CDATA[chrome]]>
              </value>
            </param>
            <param index="1">
              <value>
                <![CDATA[https://demo.vtiger.com/vtigercrm/]]>
              </value>
            </param>
          </params>
          <reporter-output>
          </reporter-output>
        </test-method> <!-- loginToVtiger -->
        <test-method signature="test()[pri:0, instance:learnTestNG.ReadTheDataFromXmlFile@2ef3eef9]" started-at="2024-04-10T11:27:03 IST" name="test" finished-at="2024-04-10T11:27:03 IST" duration-ms="1" status="PASS">
          <reporter-output>
          </reporter-output>
        </test-method> <!-- test -->
      </class> <!-- learnTestNG.ReadTheDataFromXmlFile -->
    </test> <!-- Test -->
  </suite> <!-- Suite -->
</testng-results>
