<?xml version="1.0" encoding="UTF-8"?>
<!-- Generated by org.testng.reporters.JUnitXMLReporter -->
<testsuite ignored="0" hostname="DESKTOP-OGE7II3" failures="1" tests="2" name="Test01" time="0.112" errors="0" timestamp="2024-04-10T11:26:47 IST">
  <testcase classname="learnTestNG.ReadTheDataFromXmlFile" name="loginToVtiger" time="0.0">
    <failure type="org.testng.TestNGException" message="
Parameter &amp;apos;browser&amp;apos; is required by @Test on method loginToVtiger but has not been marked @Optional or defined
in C:\Users\a\eclipse-workspace1\TrelloFrameWork\vtigerTestsuite.xml">
      <![CDATA[org.testng.TestNGException: 
Parameter 'browser' is required by @Test on method loginToVtiger but has not been marked @Optional or defined
in C:\Users\a\eclipse-workspace1\TrelloFrameWork\vtigerTestsuite.xml
at java.base/java.util.ArrayList.forEach(ArrayList.java:1511)
at java.base/java.util.concurrent.FutureTask.run(FutureTask.java:264)
at java.base/java.util.concurrent.ThreadPoolExecutor.runWorker(ThreadPoolExecutor.java:1136)
at java.base/java.util.concurrent.ThreadPoolExecutor$Worker.run(ThreadPoolExecutor.java:635)
at java.base/java.lang.Thread.run(Thread.java:842)
... Removed 17 stack frames]]>
    </failure>
  </testcase> <!-- loginToVtiger -->
  <testcase classname="learnTestNG.ReadTheDataFromXmlFile" name="test" time="0.011"/>
</testsuite> <!-- Test01 -->
